  [1m[36m (9.2ms)[0m  [1mCREATE TABLE `schema_migrations` (`version` varchar(255) NOT NULL) ENGINE=InnoDB[0m
  [1m[35m (42.9ms)[0m  CREATE UNIQUE INDEX `unique_schema_migrations`  ON `schema_migrations` (`version`) 
  [1m[36mActiveRecord::SchemaMigration Load (0.2ms)[0m  [1mSELECT `schema_migrations`.* FROM `schema_migrations`[0m
Migrating to CreateProjects (20161013143637)
  [1m[35m (8.0ms)[0m  CREATE TABLE `projects` (`id` int(11) auto_increment PRIMARY KEY, `name` varchar(255), `start_date` date, `end_date` date, `created_at` datetime NOT NULL, `updated_at` datetime NOT NULL) ENGINE=InnoDB
  [1m[36m (0.1ms)[0m  [1mBEGIN[0m
  [1m[35mSQL (0.3ms)[0m  INSERT INTO `schema_migrations` (`version`) VALUES ('20161013143637')
  [1m[36m (8.2ms)[0m  [1mCOMMIT[0m
Migrating to CreateTeams (20161013143653)
  [1m[35m (8.7ms)[0m  CREATE TABLE `teams` (`id` int(11) auto_increment PRIMARY KEY, `name` varchar(255), `created_at` datetime NOT NULL, `updated_at` datetime NOT NULL) ENGINE=InnoDB
  [1m[36m (0.1ms)[0m  [1mBEGIN[0m
  [1m[35mSQL (0.2ms)[0m  INSERT INTO `schema_migrations` (`version`) VALUES ('20161013143653')
  [1m[36m (1.1ms)[0m  [1mCOMMIT[0m
Migrating to CreateTasks (20161013143717)
  [1m[35m (8.0ms)[0m  CREATE TABLE `tasks` (`id` int(11) auto_increment PRIMARY KEY, `title` varchar(255), `comments` text, `status` tinyint(1), `start_date` date, `due_date` date, `estimation` int(11), `created_at` datetime NOT NULL, `updated_at` datetime NOT NULL) ENGINE=InnoDB
  [1m[36m (0.1ms)[0m  [1mBEGIN[0m
  [1m[35mSQL (0.2ms)[0m  INSERT INTO `schema_migrations` (`version`) VALUES ('20161013143717')
  [1m[36m (3.6ms)[0m  [1mCOMMIT[0m
Migrating to CreatePosts (20161013143757)
  [1m[35m (11.9ms)[0m  CREATE TABLE `posts` (`id` int(11) auto_increment PRIMARY KEY, `content` varchar(255), `comments` text, `created_at` datetime NOT NULL, `updated_at` datetime NOT NULL) ENGINE=InnoDB
  [1m[36m (0.5ms)[0m  [1mBEGIN[0m
  [1m[35mSQL (1.7ms)[0m  INSERT INTO `schema_migrations` (`version`) VALUES ('20161013143757')
  [1m[36m (3.4ms)[0m  [1mCOMMIT[0m
Migrating to DeviseCreateUsers (20161013143912)
  [1m[35m (9.5ms)[0m  CREATE TABLE `users` (`id` int(11) auto_increment PRIMARY KEY, `email` varchar(255) DEFAULT '' NOT NULL, `encrypted_password` varchar(255) DEFAULT '' NOT NULL, `reset_password_token` varchar(255), `reset_password_sent_at` datetime, `remember_created_at` datetime, `sign_in_count` int(11) DEFAULT 0 NOT NULL, `current_sign_in_at` datetime, `last_sign_in_at` datetime, `current_sign_in_ip` varchar(255), `last_sign_in_ip` varchar(255), `first_name` varchar(255), `last_name` varchar(255), `admin` tinyint(1), `created_at` datetime NOT NULL, `updated_at` datetime NOT NULL) ENGINE=InnoDB
  [1m[36m (40.6ms)[0m  [1mCREATE UNIQUE INDEX `index_users_on_email`  ON `users` (`email`) [0m
  [1m[35m (48.2ms)[0m  CREATE UNIQUE INDEX `index_users_on_reset_password_token`  ON `users` (`reset_password_token`) 
  [1m[36m (0.2ms)[0m  [1mBEGIN[0m
  [1m[35mSQL (0.2ms)[0m  INSERT INTO `schema_migrations` (`version`) VALUES ('20161013143912')
  [1m[36m (4.5ms)[0m  [1mCOMMIT[0m
  [1m[35mActiveRecord::SchemaMigration Load (0.2ms)[0m  SELECT `schema_migrations`.* FROM `schema_migrations`
  [1m[36m (0.4ms)[0m  [1mSELECT fk.referenced_table_name as 'to_table'
      ,fk.referenced_column_name as 'primary_key'
      ,fk.column_name as 'column'
      ,fk.constraint_name as 'name'
FROM information_schema.key_column_usage fk
WHERE fk.referenced_column_name is not null
  AND fk.table_schema = 'ProjectApp_development'
  AND fk.table_name = 'posts'
[0m
  [1m[35m (0.2ms)[0m  SHOW CREATE TABLE `posts`
  [1m[36m (0.3ms)[0m  [1mSELECT fk.referenced_table_name as 'to_table'
      ,fk.referenced_column_name as 'primary_key'
      ,fk.column_name as 'column'
      ,fk.constraint_name as 'name'
FROM information_schema.key_column_usage fk
WHERE fk.referenced_column_name is not null
  AND fk.table_schema = 'ProjectApp_development'
  AND fk.table_name = 'projects'
[0m
  [1m[35m (0.2ms)[0m  SHOW CREATE TABLE `projects`
  [1m[36m (0.2ms)[0m  [1mSELECT fk.referenced_table_name as 'to_table'
      ,fk.referenced_column_name as 'primary_key'
      ,fk.column_name as 'column'
      ,fk.constraint_name as 'name'
FROM information_schema.key_column_usage fk
WHERE fk.referenced_column_name is not null
  AND fk.table_schema = 'ProjectApp_development'
  AND fk.table_name = 'tasks'
[0m
  [1m[35m (0.1ms)[0m  SHOW CREATE TABLE `tasks`
  [1m[36m (0.3ms)[0m  [1mSELECT fk.referenced_table_name as 'to_table'
      ,fk.referenced_column_name as 'primary_key'
      ,fk.column_name as 'column'
      ,fk.constraint_name as 'name'
FROM information_schema.key_column_usage fk
WHERE fk.referenced_column_name is not null
  AND fk.table_schema = 'ProjectApp_development'
  AND fk.table_name = 'teams'
[0m
  [1m[35m (0.1ms)[0m  SHOW CREATE TABLE `teams`
  [1m[36m (0.3ms)[0m  [1mSELECT fk.referenced_table_name as 'to_table'
      ,fk.referenced_column_name as 'primary_key'
      ,fk.column_name as 'column'
      ,fk.constraint_name as 'name'
FROM information_schema.key_column_usage fk
WHERE fk.referenced_column_name is not null
  AND fk.table_schema = 'ProjectApp_development'
  AND fk.table_name = 'users'
[0m
  [1m[35m (0.1ms)[0m  SHOW CREATE TABLE `users`
  [1m[36mActiveRecord::SchemaMigration Load (0.2ms)[0m  [1mSELECT `schema_migrations`.* FROM `schema_migrations`[0m
Migrating to AddUserIdToPosts (20161013144953)
  [1m[35m (43.7ms)[0m  ALTER TABLE `posts` ADD `user_id` int(11)
  [1m[36m (0.2ms)[0m  [1mBEGIN[0m
  [1m[35mSQL (8.0ms)[0m  INSERT INTO `schema_migrations` (`version`) VALUES ('20161013144953')
  [1m[36m (9.0ms)[0m  [1mCOMMIT[0m
  [1m[35mActiveRecord::SchemaMigration Load (0.4ms)[0m  SELECT `schema_migrations`.* FROM `schema_migrations`
  [1m[36m (0.4ms)[0m  [1mSELECT fk.referenced_table_name as 'to_table'
      ,fk.referenced_column_name as 'primary_key'
      ,fk.column_name as 'column'
      ,fk.constraint_name as 'name'
FROM information_schema.key_column_usage fk
WHERE fk.referenced_column_name is not null
  AND fk.table_schema = 'ProjectApp_development'
  AND fk.table_name = 'posts'
[0m
  [1m[35m (2.8ms)[0m  SHOW CREATE TABLE `posts`
  [1m[36m (0.3ms)[0m  [1mSELECT fk.referenced_table_name as 'to_table'
      ,fk.referenced_column_name as 'primary_key'
      ,fk.column_name as 'column'
      ,fk.constraint_name as 'name'
FROM information_schema.key_column_usage fk
WHERE fk.referenced_column_name is not null
  AND fk.table_schema = 'ProjectApp_development'
  AND fk.table_name = 'projects'
[0m
  [1m[35m (0.2ms)[0m  SHOW CREATE TABLE `projects`
  [1m[36m (0.3ms)[0m  [1mSELECT fk.referenced_table_name as 'to_table'
      ,fk.referenced_column_name as 'primary_key'
      ,fk.column_name as 'column'
      ,fk.constraint_name as 'name'
FROM information_schema.key_column_usage fk
WHERE fk.referenced_column_name is not null
  AND fk.table_schema = 'ProjectApp_development'
  AND fk.table_name = 'tasks'
[0m
  [1m[35m (0.2ms)[0m  SHOW CREATE TABLE `tasks`
  [1m[36m (0.2ms)[0m  [1mSELECT fk.referenced_table_name as 'to_table'
      ,fk.referenced_column_name as 'primary_key'
      ,fk.column_name as 'column'
      ,fk.constraint_name as 'name'
FROM information_schema.key_column_usage fk
WHERE fk.referenced_column_name is not null
  AND fk.table_schema = 'ProjectApp_development'
  AND fk.table_name = 'teams'
[0m
  [1m[35m (0.1ms)[0m  SHOW CREATE TABLE `teams`
  [1m[36m (0.2ms)[0m  [1mSELECT fk.referenced_table_name as 'to_table'
      ,fk.referenced_column_name as 'primary_key'
      ,fk.column_name as 'column'
      ,fk.constraint_name as 'name'
FROM information_schema.key_column_usage fk
WHERE fk.referenced_column_name is not null
  AND fk.table_schema = 'ProjectApp_development'
  AND fk.table_name = 'users'
[0m
  [1m[35m (0.2ms)[0m  SHOW CREATE TABLE `users`


Started GET "/" for 127.0.0.1 at 2016-10-13 17:53:08 +0300
  [1m[36mActiveRecord::SchemaMigration Load (1.1ms)[0m  [1mSELECT `schema_migrations`.* FROM `schema_migrations`[0m
Processing by PostsController#index as HTML
  [1m[35mPost Load (1.8ms)[0m  SELECT `posts`.* FROM `posts`
  Rendered posts/index.html.slim within layouts/application (82.7ms)
Completed 200 OK in 2401ms (Views: 2343.1ms | ActiveRecord: 7.1ms)


Started GET "/assets/scaffolds.self-5a94d3c593e8f702e41d2bd842ba10d3d0fd1f8b54eb2b9562d63ecf1db621d6.css?body=1" for 127.0.0.1 at 2016-10-13 17:53:11 +0300


Started GET "/posts/new" for 127.0.0.1 at 2016-10-13 17:53:13 +0300
Processing by PostsController#new as HTML
Completed 500 Internal Server Error in 17ms (ActiveRecord: 0.0ms)

NoMethodError (undefined method `post' for nil:NilClass):
  app/controllers/posts_controller.rb:17:in `new'


  Rendered /home/king/.rvm/gems/ruby-2.3.1/gems/actionpack-4.2.6/lib/action_dispatch/middleware/templates/rescues/_source.erb (8.5ms)
  Rendered /home/king/.rvm/gems/ruby-2.3.1/gems/actionpack-4.2.6/lib/action_dispatch/middleware/templates/rescues/_trace.html.erb (8.4ms)
  Rendered /home/king/.rvm/gems/ruby-2.3.1/gems/actionpack-4.2.6/lib/action_dispatch/middleware/templates/rescues/_request_and_response.html.erb (3.1ms)
  Rendered /home/king/.rvm/gems/ruby-2.3.1/gems/actionpack-4.2.6/lib/action_dispatch/middleware/templates/rescues/diagnostics.html.erb within rescues/layout (58.5ms)
  Rendered /home/king/.rvm/gems/ruby-2.3.1/gems/web-console-2.3.0/lib/web_console/templates/_markup.html.erb (0.5ms)
  Rendered /home/king/.rvm/gems/ruby-2.3.1/gems/web-console-2.3.0/lib/web_console/templates/_inner_console_markup.html.erb within layouts/inlined_string (4.1ms)
  Rendered /home/king/.rvm/gems/ruby-2.3.1/gems/web-console-2.3.0/lib/web_console/templates/_prompt_box_markup.html.erb within layouts/inlined_string (0.4ms)
  Rendered /home/king/.rvm/gems/ruby-2.3.1/gems/web-console-2.3.0/lib/web_console/templates/style.css.erb within layouts/inlined_string (1.9ms)
  Rendered /home/king/.rvm/gems/ruby-2.3.1/gems/web-console-2.3.0/lib/web_console/templates/console.js.erb within layouts/javascript (57.5ms)
  Rendered /home/king/.rvm/gems/ruby-2.3.1/gems/web-console-2.3.0/lib/web_console/templates/main.js.erb within layouts/javascript (2.7ms)
  Rendered /home/king/.rvm/gems/ruby-2.3.1/gems/web-console-2.3.0/lib/web_console/templates/error_page.js.erb within layouts/javascript (0.6ms)
  Rendered /home/king/.rvm/gems/ruby-2.3.1/gems/web-console-2.3.0/lib/web_console/templates/index.html.erb (145.3ms)


Started GET "/posts/new" for 127.0.0.1 at 2016-10-13 17:54:24 +0300
Processing by PostsController#new as HTML
Completed 500 Internal Server Error in 3ms (ActiveRecord: 0.0ms)

NoMethodError (undefined method `posts' for nil:NilClass):
  app/controllers/posts_controller.rb:17:in `new'


  Rendered /home/king/.rvm/gems/ruby-2.3.1/gems/actionpack-4.2.6/lib/action_dispatch/middleware/templates/rescues/_source.erb (6.9ms)
  Rendered /home/king/.rvm/gems/ruby-2.3.1/gems/actionpack-4.2.6/lib/action_dispatch/middleware/templates/rescues/_trace.html.erb (3.0ms)
  Rendered /home/king/.rvm/gems/ruby-2.3.1/gems/actionpack-4.2.6/lib/action_dispatch/middleware/templates/rescues/_request_and_response.html.erb (1.2ms)
  Rendered /home/king/.rvm/gems/ruby-2.3.1/gems/actionpack-4.2.6/lib/action_dispatch/middleware/templates/rescues/diagnostics.html.erb within rescues/layout (32.4ms)
  Rendered /home/king/.rvm/gems/ruby-2.3.1/gems/web-console-2.3.0/lib/web_console/templates/_markup.html.erb (0.8ms)
  Rendered /home/king/.rvm/gems/ruby-2.3.1/gems/web-console-2.3.0/lib/web_console/templates/_inner_console_markup.html.erb within layouts/inlined_string (1.0ms)
  Rendered /home/king/.rvm/gems/ruby-2.3.1/gems/web-console-2.3.0/lib/web_console/templates/_prompt_box_markup.html.erb within layouts/inlined_string (0.5ms)
  Rendered /home/king/.rvm/gems/ruby-2.3.1/gems/web-console-2.3.0/lib/web_console/templates/style.css.erb within layouts/inlined_string (0.7ms)
  Rendered /home/king/.rvm/gems/ruby-2.3.1/gems/web-console-2.3.0/lib/web_console/templates/console.js.erb within layouts/javascript (30.2ms)
  Rendered /home/king/.rvm/gems/ruby-2.3.1/gems/web-console-2.3.0/lib/web_console/templates/main.js.erb within layouts/javascript (0.5ms)
  Rendered /home/king/.rvm/gems/ruby-2.3.1/gems/web-console-2.3.0/lib/web_console/templates/error_page.js.erb within layouts/javascript (0.6ms)
  Rendered /home/king/.rvm/gems/ruby-2.3.1/gems/web-console-2.3.0/lib/web_console/templates/index.html.erb (54.2ms)


Started GET "/posts/new" for 127.0.0.1 at 2016-10-13 17:54:28 +0300
Processing by PostsController#new as HTML
Completed 500 Internal Server Error in 3ms (ActiveRecord: 0.0ms)

NoMethodError (undefined method `posts' for nil:NilClass):
  app/controllers/posts_controller.rb:17:in `new'


  Rendered /home/king/.rvm/gems/ruby-2.3.1/gems/actionpack-4.2.6/lib/action_dispatch/middleware/templates/rescues/_source.erb (6.3ms)
  Rendered /home/king/.rvm/gems/ruby-2.3.1/gems/actionpack-4.2.6/lib/action_dispatch/middleware/templates/rescues/_trace.html.erb (3.3ms)
  Rendered /home/king/.rvm/gems/ruby-2.3.1/gems/actionpack-4.2.6/lib/action_dispatch/middleware/templates/rescues/_request_and_response.html.erb (1.3ms)
  Rendered /home/king/.rvm/gems/ruby-2.3.1/gems/actionpack-4.2.6/lib/action_dispatch/middleware/templates/rescues/diagnostics.html.erb within rescues/layout (31.8ms)
  Rendered /home/king/.rvm/gems/ruby-2.3.1/gems/web-console-2.3.0/lib/web_console/templates/_markup.html.erb (0.6ms)
  Rendered /home/king/.rvm/gems/ruby-2.3.1/gems/web-console-2.3.0/lib/web_console/templates/_inner_console_markup.html.erb within layouts/inlined_string (0.8ms)
  Rendered /home/king/.rvm/gems/ruby-2.3.1/gems/web-console-2.3.0/lib/web_console/templates/_prompt_box_markup.html.erb within layouts/inlined_string (0.5ms)
  Rendered /home/king/.rvm/gems/ruby-2.3.1/gems/web-console-2.3.0/lib/web_console/templates/style.css.erb within layouts/inlined_string (0.5ms)
  Rendered /home/king/.rvm/gems/ruby-2.3.1/gems/web-console-2.3.0/lib/web_console/templates/console.js.erb within layouts/javascript (27.2ms)
  Rendered /home/king/.rvm/gems/ruby-2.3.1/gems/web-console-2.3.0/lib/web_console/templates/main.js.erb within layouts/javascript (0.8ms)
  Rendered /home/king/.rvm/gems/ruby-2.3.1/gems/web-console-2.3.0/lib/web_console/templates/error_page.js.erb within layouts/javascript (0.6ms)
  Rendered /home/king/.rvm/gems/ruby-2.3.1/gems/web-console-2.3.0/lib/web_console/templates/index.html.erb (54.8ms)


Started GET "/" for 127.0.0.1 at 2016-10-13 17:54:34 +0300
Processing by PostsController#index as HTML
  [1m[36mPost Load (0.2ms)[0m  [1mSELECT `posts`.* FROM `posts`[0m
  Rendered posts/index.html.slim within layouts/application (8.0ms)
Completed 200 OK in 50ms (Views: 41.4ms | ActiveRecord: 0.8ms)


Started GET "/assets/posts.self-e3b0c44298fc1c149afbf4c8996fb92427ae41e4649b934ca495991b7852b855.css?body=1" for 127.0.0.1 at 2016-10-13 17:54:34 +0300


Started GET "/assets/projects.self-e3b0c44298fc1c149afbf4c8996fb92427ae41e4649b934ca495991b7852b855.css?body=1" for 127.0.0.1 at 2016-10-13 17:54:34 +0300


Started GET "/assets/scaffolds.self-5a94d3c593e8f702e41d2bd842ba10d3d0fd1f8b54eb2b9562d63ecf1db621d6.css?body=1" for 127.0.0.1 at 2016-10-13 17:54:34 +0300


Started GET "/assets/tasks.self-e3b0c44298fc1c149afbf4c8996fb92427ae41e4649b934ca495991b7852b855.css?body=1" for 127.0.0.1 at 2016-10-13 17:54:34 +0300


Started GET "/assets/turbolinks.self-c5acd7a204f5f25ce7a1d8a0e4d92e28d34c9e2df2c7371cd7af88e147e4ad82.js?body=1" for 127.0.0.1 at 2016-10-13 17:54:34 +0300


Started GET "/assets/jquery.self-bd7ddd393353a8d2480a622e80342adf488fb6006d667e8b42e4c0073393abee.js?body=1" for 127.0.0.1 at 2016-10-13 17:54:34 +0300


Started GET "/assets/teams.self-e3b0c44298fc1c149afbf4c8996fb92427ae41e4649b934ca495991b7852b855.css?body=1" for 127.0.0.1 at 2016-10-13 17:54:34 +0300


Started GET "/assets/jquery_ujs.self-784a997f6726036b1993eb2217c9cb558e1cbb801c6da88105588c56f13b466a.js?body=1" for 127.0.0.1 at 2016-10-13 17:54:34 +0300


Started GET "/assets/application.self-e80e8f2318043e8af94dddc2adad5a4f09739a8ebb323b3ab31cd71d45fd9113.css?body=1" for 127.0.0.1 at 2016-10-13 17:54:34 +0300


Started GET "/assets/tasks.self-877aef30ae1b040ab8a3aba4e3e309a11d7f2612f44dde450b5c157aa5f95c05.js?body=1" for 127.0.0.1 at 2016-10-13 17:54:34 +0300


Started GET "/assets/projects.self-877aef30ae1b040ab8a3aba4e3e309a11d7f2612f44dde450b5c157aa5f95c05.js?body=1" for 127.0.0.1 at 2016-10-13 17:54:34 +0300


Started GET "/assets/posts.self-877aef30ae1b040ab8a3aba4e3e309a11d7f2612f44dde450b5c157aa5f95c05.js?body=1" for 127.0.0.1 at 2016-10-13 17:54:34 +0300


Started GET "/assets/teams.self-877aef30ae1b040ab8a3aba4e3e309a11d7f2612f44dde450b5c157aa5f95c05.js?body=1" for 127.0.0.1 at 2016-10-13 17:54:34 +0300


Started GET "/assets/application.self-3b8dabdc891efe46b9a144b400ad69e37d7e5876bdc39dee783419a69d7ca819.js?body=1" for 127.0.0.1 at 2016-10-13 17:54:34 +0300


Started GET "/posts/new" for 127.0.0.1 at 2016-10-13 17:54:36 +0300
Processing by PostsController#new as HTML
Completed 500 Internal Server Error in 5ms (ActiveRecord: 0.0ms)

NoMethodError (undefined method `posts' for nil:NilClass):
  app/controllers/posts_controller.rb:17:in `new'


  Rendered /home/king/.rvm/gems/ruby-2.3.1/gems/actionpack-4.2.6/lib/action_dispatch/middleware/templates/rescues/_source.erb (3.7ms)
  Rendered /home/king/.rvm/gems/ruby-2.3.1/gems/actionpack-4.2.6/lib/action_dispatch/middleware/templates/rescues/_trace.html.erb (1.8ms)
  Rendered /home/king/.rvm/gems/ruby-2.3.1/gems/actionpack-4.2.6/lib/action_dispatch/middleware/templates/rescues/_request_and_response.html.erb (0.9ms)
  Rendered /home/king/.rvm/gems/ruby-2.3.1/gems/actionpack-4.2.6/lib/action_dispatch/middleware/templates/rescues/diagnostics.html.erb within rescues/layout (21.2ms)
  Rendered /home/king/.rvm/gems/ruby-2.3.1/gems/web-console-2.3.0/lib/web_console/templates/_markup.html.erb (1.0ms)
  Rendered /home/king/.rvm/gems/ruby-2.3.1/gems/web-console-2.3.0/lib/web_console/templates/_inner_console_markup.html.erb within layouts/inlined_string (0.5ms)
  Rendered /home/king/.rvm/gems/ruby-2.3.1/gems/web-console-2.3.0/lib/web_console/templates/_prompt_box_markup.html.erb within layouts/inlined_string (0.3ms)
  Rendered /home/king/.rvm/gems/ruby-2.3.1/gems/web-console-2.3.0/lib/web_console/templates/style.css.erb within layouts/inlined_string (0.4ms)
  Rendered /home/king/.rvm/gems/ruby-2.3.1/gems/web-console-2.3.0/lib/web_console/templates/console.js.erb within layouts/javascript (30.5ms)
  Rendered /home/king/.rvm/gems/ruby-2.3.1/gems/web-console-2.3.0/lib/web_console/templates/main.js.erb within layouts/javascript (0.4ms)
  Rendered /home/king/.rvm/gems/ruby-2.3.1/gems/web-console-2.3.0/lib/web_console/templates/error_page.js.erb within layouts/javascript (0.4ms)
  Rendered /home/king/.rvm/gems/ruby-2.3.1/gems/web-console-2.3.0/lib/web_console/templates/index.html.erb (50.7ms)


Started GET "/users/sign_up" for 127.0.0.1 at 2016-10-13 17:59:52 +0300
Processing by Devise::RegistrationsController#new as HTML
  Rendered /home/king/.rvm/gems/ruby-2.3.1/gems/devise-4.2.0/app/views/devise/shared/_links.html.erb (7.7ms)
  Rendered /home/king/.rvm/gems/ruby-2.3.1/gems/devise-4.2.0/app/views/devise/registrations/new.html.erb within layouts/application (69.9ms)
Completed 200 OK in 169ms (Views: 149.1ms | ActiveRecord: 0.9ms)


Started GET "/users/sign_in" for 127.0.0.1 at 2016-10-13 17:59:57 +0300
Processing by Devise::SessionsController#new as HTML
  Rendered /home/king/.rvm/gems/ruby-2.3.1/gems/devise-4.2.0/app/views/devise/shared/_links.html.erb (1.6ms)
  Rendered /home/king/.rvm/gems/ruby-2.3.1/gems/devise-4.2.0/app/views/devise/sessions/new.html.erb within layouts/application (10.2ms)
Completed 200 OK in 76ms (Views: 72.4ms | ActiveRecord: 0.0ms)


Started GET "/posts" for 127.0.0.1 at 2016-10-13 18:04:06 +0300
Processing by PostsController#index as HTML
  [1m[35mPost Load (0.4ms)[0m  SELECT `posts`.* FROM `posts`
  Rendered posts/index.html.slim within layouts/application (2.2ms)
Completed 200 OK in 83ms (Views: 81.6ms | ActiveRecord: 0.4ms)


Started GET "/users/sign_up" for 127.0.0.1 at 2016-10-13 18:04:11 +0300
Processing by Devise::RegistrationsController#new as HTML
  Rendered /home/king/.rvm/gems/ruby-2.3.1/gems/devise-4.2.0/app/views/devise/shared/_links.html.erb (1.6ms)
  Rendered /home/king/.rvm/gems/ruby-2.3.1/gems/devise-4.2.0/app/views/devise/registrations/new.html.erb within layouts/application (14.1ms)
Completed 200 OK in 77ms (Views: 75.1ms | ActiveRecord: 0.0ms)


Started POST "/users" for 127.0.0.1 at 2016-10-13 18:04:29 +0300
Processing by Devise::RegistrationsController#create as HTML
  Parameters: {"utf8"=>"✓", "authenticity_token"=>"fnip40qBscqG7N7MJ/tvv4k59wvzjXH228uPhE9/610+Nqx8ZjXCigCf8YUoSj3x53/v/utz8oo7s7VDqjyBPQ==", "user"=>{"email"=>"123@gmail.com", "password"=>"[FILTERED]", "password_confirmation"=>"[FILTERED]"}, "commit"=>"Sign up"}
  [1m[36m (0.2ms)[0m  [1mBEGIN[0m
  [1m[35mUser Exists (1.9ms)[0m  SELECT  1 AS one FROM `users` WHERE `users`.`email` = BINARY '123@gmail.com' LIMIT 1
  [1m[36mSQL (0.6ms)[0m  [1mINSERT INTO `users` (`email`, `encrypted_password`, `created_at`, `updated_at`) VALUES ('123@gmail.com', '$2a$11$sfIC/oFVQQIT3WWW/dLaKuH7lCnAC.8azEG.hTVDEyerJIw8cIfqm', '2016-10-13 15:04:30', '2016-10-13 15:04:30')[0m
  [1m[35m (8.8ms)[0m  COMMIT
  [1m[36m (7.6ms)[0m  [1mBEGIN[0m
  [1m[35mSQL (1.6ms)[0m  UPDATE `users` SET `last_sign_in_at` = '2016-10-13 15:04:30', `current_sign_in_at` = '2016-10-13 15:04:30', `last_sign_in_ip` = '127.0.0.1', `current_sign_in_ip` = '127.0.0.1', `sign_in_count` = 1, `updated_at` = '2016-10-13 15:04:30' WHERE `users`.`id` = 1
  [1m[36m (3.9ms)[0m  [1mCOMMIT[0m
Redirected to http://localhost:3000/
Completed 302 Found in 409ms (ActiveRecord: 24.5ms)


Started GET "/" for 127.0.0.1 at 2016-10-13 18:04:30 +0300
Processing by PostsController#index as HTML
  [1m[35mPost Load (0.1ms)[0m  SELECT `posts`.* FROM `posts`
  Rendered posts/index.html.slim within layouts/application (0.9ms)
Completed 200 OK in 25ms (Views: 24.3ms | ActiveRecord: 0.1ms)


Started GET "/posts/new" for 127.0.0.1 at 2016-10-13 18:04:33 +0300
Processing by PostsController#new as HTML
  [1m[36mUser Load (0.7ms)[0m  [1mSELECT  `users`.* FROM `users` WHERE `users`.`id` = 1  ORDER BY `users`.`id` ASC LIMIT 1[0m
  Rendered posts/_form.html.slim (12.5ms)
  Rendered posts/new.html.slim within layouts/application (20.6ms)
Completed 200 OK in 249ms (Views: 68.1ms | ActiveRecord: 1.2ms)


Started POST "/posts" for 127.0.0.1 at 2016-10-13 18:04:44 +0300
Processing by PostsController#create as HTML
  Parameters: {"utf8"=>"✓", "authenticity_token"=>"+Rm57CgcrpDjUkfWKQ12a52j/C8IJSWSOmp0arl1ttS5V7xzBKjd0GUhaJ8mvCQl8+Xk2hDbpu7aEk6tXDbctA==", "post"=>{"content"=>"123", "comments"=>"ffgfgfg"}, "commit"=>"Create Post"}
  [1m[35mUser Load (0.2ms)[0m  SELECT  `users`.* FROM `users` WHERE `users`.`id` = 1  ORDER BY `users`.`id` ASC LIMIT 1
  [1m[36m (0.7ms)[0m  [1mBEGIN[0m
  [1m[35mSQL (0.3ms)[0m  INSERT INTO `posts` (`content`, `comments`, `user_id`, `created_at`, `updated_at`) VALUES ('123', 'ffgfgfg', 1, '2016-10-13 15:04:44', '2016-10-13 15:04:44')
  [1m[36m (26.2ms)[0m  [1mCOMMIT[0m
Redirected to http://localhost:3000/posts/1
Completed 302 Found in 52ms (ActiveRecord: 27.4ms)


Started GET "/posts/1" for 127.0.0.1 at 2016-10-13 18:04:44 +0300
Processing by PostsController#show as HTML
  Parameters: {"id"=>"1"}
  [1m[35mPost Load (0.3ms)[0m  SELECT  `posts`.* FROM `posts` WHERE `posts`.`id` = 1 LIMIT 1
  Rendered posts/show.html.slim within layouts/application (3.7ms)
Completed 200 OK in 31ms (Views: 26.6ms | ActiveRecord: 0.3ms)


Started GET "/posts" for 127.0.0.1 at 2016-10-13 18:04:47 +0300
Processing by PostsController#index as HTML
  [1m[36mPost Load (0.3ms)[0m  [1mSELECT `posts`.* FROM `posts`[0m
  Rendered posts/index.html.slim within layouts/application (1.6ms)
Completed 200 OK in 38ms (Views: 37.2ms | ActiveRecord: 0.3ms)


Started GET "/users/sign_up" for 127.0.0.1 at 2016-10-13 18:05:31 +0300
Processing by Devise::RegistrationsController#new as HTML
  [1m[35mUser Load (0.2ms)[0m  SELECT  `users`.* FROM `users` WHERE `users`.`id` = 1  ORDER BY `users`.`id` ASC LIMIT 1
Redirected to http://localhost:3000/
Filter chain halted as :require_no_authentication rendered or redirected
Completed 302 Found in 11ms (ActiveRecord: 0.2ms)


Started GET "/" for 127.0.0.1 at 2016-10-13 18:05:31 +0300
Processing by PostsController#index as HTML
  [1m[36mPost Load (4.2ms)[0m  [1mSELECT `posts`.* FROM `posts`[0m
  Rendered posts/index.html.slim within layouts/application (15.8ms)
Completed 200 OK in 47ms (Views: 41.8ms | ActiveRecord: 4.2ms)


Started GET "/users/sign_up" for 127.0.0.1 at 2016-10-13 18:05:32 +0300
Processing by Devise::RegistrationsController#new as HTML
  [1m[35mUser Load (0.9ms)[0m  SELECT  `users`.* FROM `users` WHERE `users`.`id` = 1  ORDER BY `users`.`id` ASC LIMIT 1
Redirected to http://localhost:3000/
Filter chain halted as :require_no_authentication rendered or redirected
Completed 302 Found in 9ms (ActiveRecord: 0.9ms)


Started GET "/" for 127.0.0.1 at 2016-10-13 18:05:32 +0300
Processing by PostsController#index as HTML
  [1m[36mPost Load (0.1ms)[0m  [1mSELECT `posts`.* FROM `posts`[0m
  Rendered posts/index.html.slim within layouts/application (1.2ms)
Completed 200 OK in 37ms (Views: 36.7ms | ActiveRecord: 0.1ms)


Started GET "/" for 127.0.0.1 at 2016-10-13 18:06:28 +0300
Processing by PostsController#index as HTML
  [1m[35mPost Load (3.5ms)[0m  SELECT `posts`.* FROM `posts`
  Rendered posts/index.html.slim within layouts/application (10.7ms)
Completed 200 OK in 63ms (Views: 59.0ms | ActiveRecord: 3.5ms)


Started GET "/assets/posts.self-e3b0c44298fc1c149afbf4c8996fb92427ae41e4649b934ca495991b7852b855.css?body=1" for 127.0.0.1 at 2016-10-13 18:06:28 +0300


Started GET "/assets/tasks.self-e3b0c44298fc1c149afbf4c8996fb92427ae41e4649b934ca495991b7852b855.css?body=1" for 127.0.0.1 at 2016-10-13 18:06:28 +0300


Started GET "/assets/teams.self-e3b0c44298fc1c149afbf4c8996fb92427ae41e4649b934ca495991b7852b855.css?body=1" for 127.0.0.1 at 2016-10-13 18:06:28 +0300


Started GET "/assets/scaffolds.self-5a94d3c593e8f702e41d2bd842ba10d3d0fd1f8b54eb2b9562d63ecf1db621d6.css?body=1" for 127.0.0.1 at 2016-10-13 18:06:28 +0300


Started GET "/assets/application.self-e80e8f2318043e8af94dddc2adad5a4f09739a8ebb323b3ab31cd71d45fd9113.css?body=1" for 127.0.0.1 at 2016-10-13 18:06:28 +0300


Started GET "/assets/projects.self-e3b0c44298fc1c149afbf4c8996fb92427ae41e4649b934ca495991b7852b855.css?body=1" for 127.0.0.1 at 2016-10-13 18:06:28 +0300


Started GET "/assets/jquery.self-bd7ddd393353a8d2480a622e80342adf488fb6006d667e8b42e4c0073393abee.js?body=1" for 127.0.0.1 at 2016-10-13 18:06:28 +0300


Started GET "/assets/jquery_ujs.self-784a997f6726036b1993eb2217c9cb558e1cbb801c6da88105588c56f13b466a.js?body=1" for 127.0.0.1 at 2016-10-13 18:06:28 +0300


Started GET "/assets/turbolinks.self-c5acd7a204f5f25ce7a1d8a0e4d92e28d34c9e2df2c7371cd7af88e147e4ad82.js?body=1" for 127.0.0.1 at 2016-10-13 18:06:28 +0300


Started GET "/assets/posts.self-877aef30ae1b040ab8a3aba4e3e309a11d7f2612f44dde450b5c157aa5f95c05.js?body=1" for 127.0.0.1 at 2016-10-13 18:06:28 +0300


Started GET "/assets/projects.self-877aef30ae1b040ab8a3aba4e3e309a11d7f2612f44dde450b5c157aa5f95c05.js?body=1" for 127.0.0.1 at 2016-10-13 18:06:28 +0300


Started GET "/assets/tasks.self-877aef30ae1b040ab8a3aba4e3e309a11d7f2612f44dde450b5c157aa5f95c05.js?body=1" for 127.0.0.1 at 2016-10-13 18:06:28 +0300


Started GET "/assets/application.self-3b8dabdc891efe46b9a144b400ad69e37d7e5876bdc39dee783419a69d7ca819.js?body=1" for 127.0.0.1 at 2016-10-13 18:06:28 +0300


Started GET "/assets/teams.self-877aef30ae1b040ab8a3aba4e3e309a11d7f2612f44dde450b5c157aa5f95c05.js?body=1" for 127.0.0.1 at 2016-10-13 18:06:28 +0300


Started GET "/users/sign_out" for 127.0.0.1 at 2016-10-13 18:06:32 +0300

ActionController::RoutingError (No route matches [GET] "/users/sign_out"):
  actionpack (4.2.6) lib/action_dispatch/middleware/debug_exceptions.rb:21:in `call'
  web-console (2.3.0) lib/web_console/middleware.rb:28:in `block in call'
  web-console (2.3.0) lib/web_console/middleware.rb:18:in `catch'
  web-console (2.3.0) lib/web_console/middleware.rb:18:in `call'
  actionpack (4.2.6) lib/action_dispatch/middleware/show_exceptions.rb:30:in `call'
  railties (4.2.6) lib/rails/rack/logger.rb:38:in `call_app'
  railties (4.2.6) lib/rails/rack/logger.rb:20:in `block in call'
  activesupport (4.2.6) lib/active_support/tagged_logging.rb:68:in `block in tagged'
  activesupport (4.2.6) lib/active_support/tagged_logging.rb:26:in `tagged'
  activesupport (4.2.6) lib/active_support/tagged_logging.rb:68:in `tagged'
  railties (4.2.6) lib/rails/rack/logger.rb:20:in `call'
  actionpack (4.2.6) lib/action_dispatch/middleware/request_id.rb:21:in `call'
  rack (1.6.4) lib/rack/methodoverride.rb:22:in `call'
  rack (1.6.4) lib/rack/runtime.rb:18:in `call'
  activesupport (4.2.6) lib/active_support/cache/strategy/local_cache_middleware.rb:28:in `call'
  rack (1.6.4) lib/rack/lock.rb:17:in `call'
  actionpack (4.2.6) lib/action_dispatch/middleware/static.rb:120:in `call'
  rack (1.6.4) lib/rack/sendfile.rb:113:in `call'
  railties (4.2.6) lib/rails/engine.rb:518:in `call'
  railties (4.2.6) lib/rails/application.rb:165:in `call'
  rack (1.6.4) lib/rack/lock.rb:17:in `call'
  rack (1.6.4) lib/rack/content_length.rb:15:in `call'
  rack (1.6.4) lib/rack/handler/webrick.rb:88:in `service'
  /home/king/.rvm/rubies/ruby-2.3.1/lib/ruby/2.3.0/webrick/httpserver.rb:140:in `service'
  /home/king/.rvm/rubies/ruby-2.3.1/lib/ruby/2.3.0/webrick/httpserver.rb:96:in `run'
  /home/king/.rvm/rubies/ruby-2.3.1/lib/ruby/2.3.0/webrick/server.rb:296:in `block in start_thread'


  Rendered /home/king/.rvm/gems/ruby-2.3.1/gems/actionpack-4.2.6/lib/action_dispatch/middleware/templates/rescues/_trace.html.erb (6.4ms)
  Rendered /home/king/.rvm/gems/ruby-2.3.1/gems/actionpack-4.2.6/lib/action_dispatch/middleware/templates/routes/_route.html.erb (12.3ms)
  Rendered /home/king/.rvm/gems/ruby-2.3.1/gems/actionpack-4.2.6/lib/action_dispatch/middleware/templates/routes/_table.html.erb (6.0ms)
  Rendered /home/king/.rvm/gems/ruby-2.3.1/gems/actionpack-4.2.6/lib/action_dispatch/middleware/templates/rescues/_request_and_response.html.erb (5.6ms)
  Rendered /home/king/.rvm/gems/ruby-2.3.1/gems/actionpack-4.2.6/lib/action_dispatch/middleware/templates/rescues/routing_error.html.erb within rescues/layout (111.0ms)
  Rendered /home/king/.rvm/gems/ruby-2.3.1/gems/web-console-2.3.0/lib/web_console/templates/_markup.html.erb (1.1ms)
  Rendered /home/king/.rvm/gems/ruby-2.3.1/gems/web-console-2.3.0/lib/web_console/templates/_inner_console_markup.html.erb within layouts/inlined_string (1.1ms)
  Rendered /home/king/.rvm/gems/ruby-2.3.1/gems/web-console-2.3.0/lib/web_console/templates/_prompt_box_markup.html.erb within layouts/inlined_string (9.8ms)
  Rendered /home/king/.rvm/gems/ruby-2.3.1/gems/web-console-2.3.0/lib/web_console/templates/style.css.erb within layouts/inlined_string (0.4ms)
  Rendered /home/king/.rvm/gems/ruby-2.3.1/gems/web-console-2.3.0/lib/web_console/templates/console.js.erb within layouts/javascript (51.8ms)
  Rendered /home/king/.rvm/gems/ruby-2.3.1/gems/web-console-2.3.0/lib/web_console/templates/main.js.erb within layouts/javascript (0.5ms)
  Rendered /home/king/.rvm/gems/ruby-2.3.1/gems/web-console-2.3.0/lib/web_console/templates/error_page.js.erb within layouts/javascript (7.6ms)
  Rendered /home/king/.rvm/gems/ruby-2.3.1/gems/web-console-2.3.0/lib/web_console/templates/index.html.erb (93.8ms)


Started GET "/users/sign_out" for 127.0.0.1 at 2016-10-13 18:07:14 +0300

ActionController::RoutingError (No route matches [GET] "/users/sign_out"):
  actionpack (4.2.6) lib/action_dispatch/middleware/debug_exceptions.rb:21:in `call'
  web-console (2.3.0) lib/web_console/middleware.rb:28:in `block in call'
  web-console (2.3.0) lib/web_console/middleware.rb:18:in `catch'
  web-console (2.3.0) lib/web_console/middleware.rb:18:in `call'
  actionpack (4.2.6) lib/action_dispatch/middleware/show_exceptions.rb:30:in `call'
  railties (4.2.6) lib/rails/rack/logger.rb:38:in `call_app'
  railties (4.2.6) lib/rails/rack/logger.rb:20:in `block in call'
  activesupport (4.2.6) lib/active_support/tagged_logging.rb:68:in `block in tagged'
  activesupport (4.2.6) lib/active_support/tagged_logging.rb:26:in `tagged'
  activesupport (4.2.6) lib/active_support/tagged_logging.rb:68:in `tagged'
  railties (4.2.6) lib/rails/rack/logger.rb:20:in `call'
  actionpack (4.2.6) lib/action_dispatch/middleware/request_id.rb:21:in `call'
  rack (1.6.4) lib/rack/methodoverride.rb:22:in `call'
  rack (1.6.4) lib/rack/runtime.rb:18:in `call'
  activesupport (4.2.6) lib/active_support/cache/strategy/local_cache_middleware.rb:28:in `call'
  rack (1.6.4) lib/rack/lock.rb:17:in `call'
  actionpack (4.2.6) lib/action_dispatch/middleware/static.rb:120:in `call'
  rack (1.6.4) lib/rack/sendfile.rb:113:in `call'
  railties (4.2.6) lib/rails/engine.rb:518:in `call'
  railties (4.2.6) lib/rails/application.rb:165:in `call'
  rack (1.6.4) lib/rack/lock.rb:17:in `call'
  rack (1.6.4) lib/rack/content_length.rb:15:in `call'
  rack (1.6.4) lib/rack/handler/webrick.rb:88:in `service'
  /home/king/.rvm/rubies/ruby-2.3.1/lib/ruby/2.3.0/webrick/httpserver.rb:140:in `service'
  /home/king/.rvm/rubies/ruby-2.3.1/lib/ruby/2.3.0/webrick/httpserver.rb:96:in `run'
  /home/king/.rvm/rubies/ruby-2.3.1/lib/ruby/2.3.0/webrick/server.rb:296:in `block in start_thread'


  Rendered /home/king/.rvm/gems/ruby-2.3.1/gems/actionpack-4.2.6/lib/action_dispatch/middleware/templates/rescues/_trace.html.erb (2.7ms)
  Rendered /home/king/.rvm/gems/ruby-2.3.1/gems/actionpack-4.2.6/lib/action_dispatch/middleware/templates/routes/_route.html.erb (8.0ms)
  Rendered /home/king/.rvm/gems/ruby-2.3.1/gems/actionpack-4.2.6/lib/action_dispatch/middleware/templates/routes/_table.html.erb (1.5ms)
  Rendered /home/king/.rvm/gems/ruby-2.3.1/gems/actionpack-4.2.6/lib/action_dispatch/middleware/templates/rescues/_request_and_response.html.erb (2.0ms)
  Rendered /home/king/.rvm/gems/ruby-2.3.1/gems/actionpack-4.2.6/lib/action_dispatch/middleware/templates/rescues/routing_error.html.erb within rescues/layout (79.8ms)
  Rendered /home/king/.rvm/gems/ruby-2.3.1/gems/web-console-2.3.0/lib/web_console/templates/_markup.html.erb (1.0ms)
  Rendered /home/king/.rvm/gems/ruby-2.3.1/gems/web-console-2.3.0/lib/web_console/templates/_inner_console_markup.html.erb within layouts/inlined_string (0.7ms)
  Rendered /home/king/.rvm/gems/ruby-2.3.1/gems/web-console-2.3.0/lib/web_console/templates/_prompt_box_markup.html.erb within layouts/inlined_string (0.8ms)
  Rendered /home/king/.rvm/gems/ruby-2.3.1/gems/web-console-2.3.0/lib/web_console/templates/style.css.erb within layouts/inlined_string (1.1ms)
  Rendered /home/king/.rvm/gems/ruby-2.3.1/gems/web-console-2.3.0/lib/web_console/templates/console.js.erb within layouts/javascript (81.7ms)
  Rendered /home/king/.rvm/gems/ruby-2.3.1/gems/web-console-2.3.0/lib/web_console/templates/main.js.erb within layouts/javascript (0.9ms)
  Rendered /home/king/.rvm/gems/ruby-2.3.1/gems/web-console-2.3.0/lib/web_console/templates/error_page.js.erb within layouts/javascript (0.7ms)
  Rendered /home/king/.rvm/gems/ruby-2.3.1/gems/web-console-2.3.0/lib/web_console/templates/index.html.erb (132.6ms)


Started GET "/users/sign_up" for 127.0.0.1 at 2016-10-13 18:07:45 +0300
Processing by Devise::RegistrationsController#new as HTML
  [1m[36mUser Load (0.1ms)[0m  [1mSELECT  `users`.* FROM `users` WHERE `users`.`id` = 1  ORDER BY `users`.`id` ASC LIMIT 1[0m
Redirected to http://localhost:3000/
Filter chain halted as :require_no_authentication rendered or redirected
Completed 302 Found in 2ms (ActiveRecord: 0.1ms)


Started GET "/" for 127.0.0.1 at 2016-10-13 18:07:46 +0300
Processing by PostsController#index as HTML
  [1m[35mPost Load (0.2ms)[0m  SELECT `posts`.* FROM `posts`
  Rendered posts/index.html.slim within layouts/application (1.2ms)
Completed 200 OK in 23ms (Views: 22.1ms | ActiveRecord: 0.2ms)


Started DELETE "/users/sign_out" for 127.0.0.1 at 2016-10-13 18:07:46 +0300
Processing by Devise::SessionsController#destroy as HTML
  Parameters: {"authenticity_token"=>"qu0hbNUkD4E0RuwHwGc+vp4hSgmIyVIOx0I8zGBW/FHqoyTz+ZB8wbI1w07P1mzw8GdS/JA30XInOgYLhRWWMQ=="}
  [1m[36mUser Load (0.3ms)[0m  [1mSELECT  `users`.* FROM `users` WHERE `users`.`id` = 1  ORDER BY `users`.`id` ASC LIMIT 1[0m
  [1m[35m (0.2ms)[0m  BEGIN
  [1m[36m (0.1ms)[0m  [1mCOMMIT[0m
Redirected to http://localhost:3000/
Completed 302 Found in 10ms (ActiveRecord: 0.6ms)


Started DELETE "/users/sign_out" for 127.0.0.1 at 2016-10-13 18:07:47 +0300
Processing by Devise::SessionsController#destroy as HTML
  Parameters: {"authenticity_token"=>"qu0hbNUkD4E0RuwHwGc+vp4hSgmIyVIOx0I8zGBW/FHqoyTz+ZB8wbI1w07P1mzw8GdS/JA30XInOgYLhRWWMQ=="}
  [1m[35mUser Load (0.2ms)[0m  SELECT  `users`.* FROM `users` WHERE `users`.`id` = 1  ORDER BY `users`.`id` ASC LIMIT 1
  [1m[36m (0.1ms)[0m  [1mBEGIN[0m
  [1m[35m (0.1ms)[0m  COMMIT
Redirected to http://localhost:3000/
Completed 302 Found in 4ms (ActiveRecord: 0.4ms)


Started DELETE "/users/sign_out" for 127.0.0.1 at 2016-10-13 18:07:47 +0300
Processing by Devise::SessionsController#destroy as HTML
  Parameters: {"authenticity_token"=>"qu0hbNUkD4E0RuwHwGc+vp4hSgmIyVIOx0I8zGBW/FHqoyTz+ZB8wbI1w07P1mzw8GdS/JA30XInOgYLhRWWMQ=="}
  [1m[36mUser Load (0.2ms)[0m  [1mSELECT  `users`.* FROM `users` WHERE `users`.`id` = 1  ORDER BY `users`.`id` ASC LIMIT 1[0m
  [1m[35m (5.3ms)[0m  BEGIN
  [1m[36m (0.3ms)[0m  [1mCOMMIT[0m
Redirected to http://localhost:3000/
Completed 302 Found in 12ms (ActiveRecord: 5.7ms)


Started GET "/" for 127.0.0.1 at 2016-10-13 18:07:47 +0300
Processing by PostsController#index as HTML
  [1m[35mPost Load (0.2ms)[0m  SELECT `posts`.* FROM `posts`
  Rendered posts/index.html.slim within layouts/application (1.4ms)
Completed 200 OK in 47ms (Views: 46.1ms | ActiveRecord: 0.2ms)


Started DELETE "/users/sign_out" for 127.0.0.1 at 2016-10-13 18:07:48 +0300
Processing by Devise::SessionsController#destroy as HTML
  Parameters: {"authenticity_token"=>"Di5S+8IiLe5pNyC/ghRTnNFot6GNdMm+OdRnM/LGHDKLy6pqcMrjrUjDfQ39SafA79Yy2MEWYRD1Dd8uThxnmg=="}
Redirected to http://localhost:3000/
Filter chain halted as :verify_signed_out_user rendered or redirected
Completed 302 Found in 1ms (ActiveRecord: 0.0ms)


Started GET "/" for 127.0.0.1 at 2016-10-13 18:07:48 +0300
Processing by PostsController#index as HTML
  [1m[36mPost Load (0.1ms)[0m  [1mSELECT `posts`.* FROM `posts`[0m
  Rendered posts/index.html.slim within layouts/application (1.4ms)
Completed 200 OK in 27ms (Views: 25.8ms | ActiveRecord: 0.1ms)


Started DELETE "/users/sign_out" for 127.0.0.1 at 2016-10-13 18:07:49 +0300
Processing by Devise::SessionsController#destroy as HTML
  Parameters: {"authenticity_token"=>"jV5ubWRg6rrJ16DP3pz0ytzN/XONT0C7lexaigVq52cIu5b81ogk+egj/X2hwQCW4nN4CsEt6BVZNeKXubCczw=="}
Redirected to http://localhost:3000/
Filter chain halted as :verify_signed_out_user rendered or redirected
Completed 302 Found in 1ms (ActiveRecord: 0.0ms)


Started GET "/" for 127.0.0.1 at 2016-10-13 18:07:49 +0300
Processing by PostsController#index as HTML
  [1m[35mPost Load (2.0ms)[0m  SELECT `posts`.* FROM `posts`
  Rendered posts/index.html.slim within layouts/application (3.2ms)
Completed 200 OK in 41ms (Views: 38.0ms | ActiveRecord: 2.0ms)


Started GET "/users/sign_up" for 127.0.0.1 at 2016-10-13 18:07:51 +0300
Processing by Devise::RegistrationsController#new as HTML
  Rendered /home/king/.rvm/gems/ruby-2.3.1/gems/devise-4.2.0/app/views/devise/shared/_links.html.erb (0.3ms)
  Rendered /home/king/.rvm/gems/ruby-2.3.1/gems/devise-4.2.0/app/views/devise/registrations/new.html.erb within layouts/application (7.1ms)
Completed 200 OK in 33ms (Views: 32.3ms | ActiveRecord: 0.0ms)


Started DELETE "/users/sign_out" for 127.0.0.1 at 2016-10-13 18:07:52 +0300
Processing by Devise::SessionsController#destroy as HTML
  Parameters: {"authenticity_token"=>"jxt6VTgCVEwkI5lme/a3uS5XAR7+SbThagOhahRZvnQK/oLEiuqaDwXXxNQEq0PlEOmEZ7IrHE+m2hl3qIPF3A=="}
Redirected to http://localhost:3000/
Filter chain halted as :verify_signed_out_user rendered or redirected
Completed 302 Found in 2ms (ActiveRecord: 0.0ms)


Started GET "/" for 127.0.0.1 at 2016-10-13 18:07:52 +0300
Processing by PostsController#index as HTML
  [1m[36mPost Load (0.2ms)[0m  [1mSELECT `posts`.* FROM `posts`[0m
  Rendered posts/index.html.slim within layouts/application (1.6ms)
Completed 200 OK in 54ms (Views: 52.7ms | ActiveRecord: 0.2ms)


Started GET "/users/sign_up" for 127.0.0.1 at 2016-10-13 18:07:54 +0300
Processing by Devise::RegistrationsController#new as HTML
  Rendered /home/king/.rvm/gems/ruby-2.3.1/gems/devise-4.2.0/app/views/devise/shared/_links.html.erb (0.3ms)
  Rendered /home/king/.rvm/gems/ruby-2.3.1/gems/devise-4.2.0/app/views/devise/registrations/new.html.erb within layouts/application (11.4ms)
Completed 200 OK in 60ms (Views: 58.4ms | ActiveRecord: 0.0ms)


Started DELETE "/users/sign_out" for 127.0.0.1 at 2016-10-13 18:07:58 +0300
Processing by Devise::SessionsController#destroy as HTML
  Parameters: {"authenticity_token"=>"j7+izYohXmfVjVbOtNMOrenOj+0LfTj6Ka39q6qmqDoKWlpcOMmQJPR5C3zLjvrx13AKlEcfkFTldEW2FnzTkg=="}
Redirected to http://localhost:3000/
Filter chain halted as :verify_signed_out_user rendered or redirected
Completed 302 Found in 3ms (ActiveRecord: 0.0ms)


Started GET "/" for 127.0.0.1 at 2016-10-13 18:07:58 +0300
Processing by PostsController#index as HTML
  [1m[35mPost Load (0.1ms)[0m  SELECT `posts`.* FROM `posts`
  Rendered posts/index.html.slim within layouts/application (1.2ms)
Completed 200 OK in 28ms (Views: 27.7ms | ActiveRecord: 0.1ms)


Started DELETE "/users/sign_out" for 127.0.0.1 at 2016-10-13 18:08:00 +0300
Processing by Devise::SessionsController#destroy as HTML
  Parameters: {"authenticity_token"=>"QU9qRWBXxZat4ldgGjZfW/y+y+sdDpZK/OURXK79xdfEqpLU0r8L1YwWCtJla6sHwgBOklFsPuQwPKlBEie+fw=="}
Redirected to http://localhost:3000/
Filter chain halted as :verify_signed_out_user rendered or redirected
Completed 302 Found in 1ms (ActiveRecord: 0.0ms)


Started GET "/" for 127.0.0.1 at 2016-10-13 18:08:00 +0300
Processing by PostsController#index as HTML
  [1m[36mPost Load (0.4ms)[0m  [1mSELECT `posts`.* FROM `posts`[0m
  Rendered posts/index.html.slim within layouts/application (2.7ms)
Completed 200 OK in 45ms (Views: 44.3ms | ActiveRecord: 0.4ms)


Started GET "/posts/new" for 127.0.0.1 at 2016-10-13 18:08:02 +0300
Processing by PostsController#new as HTML
Completed 500 Internal Server Error in 2ms (ActiveRecord: 0.0ms)

NoMethodError (undefined method `posts' for nil:NilClass):
  app/controllers/posts_controller.rb:17:in `new'


  Rendered /home/king/.rvm/gems/ruby-2.3.1/gems/actionpack-4.2.6/lib/action_dispatch/middleware/templates/rescues/_source.erb (4.0ms)
  Rendered /home/king/.rvm/gems/ruby-2.3.1/gems/actionpack-4.2.6/lib/action_dispatch/middleware/templates/rescues/_trace.html.erb (3.5ms)
  Rendered /home/king/.rvm/gems/ruby-2.3.1/gems/actionpack-4.2.6/lib/action_dispatch/middleware/templates/rescues/_request_and_response.html.erb (1.3ms)
  Rendered /home/king/.rvm/gems/ruby-2.3.1/gems/actionpack-4.2.6/lib/action_dispatch/middleware/templates/rescues/diagnostics.html.erb within rescues/layout (23.1ms)
  Rendered /home/king/.rvm/gems/ruby-2.3.1/gems/web-console-2.3.0/lib/web_console/templates/_markup.html.erb (0.7ms)
  Rendered /home/king/.rvm/gems/ruby-2.3.1/gems/web-console-2.3.0/lib/web_console/templates/_inner_console_markup.html.erb within layouts/inlined_string (0.5ms)
  Rendered /home/king/.rvm/gems/ruby-2.3.1/gems/web-console-2.3.0/lib/web_console/templates/_prompt_box_markup.html.erb within layouts/inlined_string (0.5ms)
  Rendered /home/king/.rvm/gems/ruby-2.3.1/gems/web-console-2.3.0/lib/web_console/templates/style.css.erb within layouts/inlined_string (0.6ms)
  Rendered /home/king/.rvm/gems/ruby-2.3.1/gems/web-console-2.3.0/lib/web_console/templates/console.js.erb within layouts/javascript (29.0ms)
  Rendered /home/king/.rvm/gems/ruby-2.3.1/gems/web-console-2.3.0/lib/web_console/templates/main.js.erb within layouts/javascript (0.4ms)
  Rendered /home/king/.rvm/gems/ruby-2.3.1/gems/web-console-2.3.0/lib/web_console/templates/error_page.js.erb within layouts/javascript (0.6ms)
  Rendered /home/king/.rvm/gems/ruby-2.3.1/gems/web-console-2.3.0/lib/web_console/templates/index.html.erb (47.4ms)


Started GET "/" for 127.0.0.1 at 2016-10-13 18:09:43 +0300
Processing by PostsController#index as HTML
  [1m[35mPost Load (5.6ms)[0m  SELECT `posts`.* FROM `posts`
  Rendered posts/index.html.slim within layouts/application (8.6ms)
Completed 200 OK in 55ms (Views: 48.0ms | ActiveRecord: 5.6ms)


Started GET "/assets/posts.self-e3b0c44298fc1c149afbf4c8996fb92427ae41e4649b934ca495991b7852b855.css?body=1" for 127.0.0.1 at 2016-10-13 18:09:43 +0300


Started GET "/assets/projects.self-e3b0c44298fc1c149afbf4c8996fb92427ae41e4649b934ca495991b7852b855.css?body=1" for 127.0.0.1 at 2016-10-13 18:09:43 +0300


Started GET "/assets/scaffolds.self-5a94d3c593e8f702e41d2bd842ba10d3d0fd1f8b54eb2b9562d63ecf1db621d6.css?body=1" for 127.0.0.1 at 2016-10-13 18:09:43 +0300


Started GET "/assets/teams.self-e3b0c44298fc1c149afbf4c8996fb92427ae41e4649b934ca495991b7852b855.css?body=1" for 127.0.0.1 at 2016-10-13 18:09:43 +0300


Started GET "/assets/tasks.self-e3b0c44298fc1c149afbf4c8996fb92427ae41e4649b934ca495991b7852b855.css?body=1" for 127.0.0.1 at 2016-10-13 18:09:43 +0300


Started GET "/assets/application.self-e80e8f2318043e8af94dddc2adad5a4f09739a8ebb323b3ab31cd71d45fd9113.css?body=1" for 127.0.0.1 at 2016-10-13 18:09:43 +0300


Started GET "/assets/jquery_ujs.self-784a997f6726036b1993eb2217c9cb558e1cbb801c6da88105588c56f13b466a.js?body=1" for 127.0.0.1 at 2016-10-13 18:09:43 +0300


Started GET "/assets/jquery.self-bd7ddd393353a8d2480a622e80342adf488fb6006d667e8b42e4c0073393abee.js?body=1" for 127.0.0.1 at 2016-10-13 18:09:43 +0300


Started GET "/assets/turbolinks.self-c5acd7a204f5f25ce7a1d8a0e4d92e28d34c9e2df2c7371cd7af88e147e4ad82.js?body=1" for 127.0.0.1 at 2016-10-13 18:09:43 +0300


Started GET "/assets/posts.self-877aef30ae1b040ab8a3aba4e3e309a11d7f2612f44dde450b5c157aa5f95c05.js?body=1" for 127.0.0.1 at 2016-10-13 18:09:43 +0300


Started GET "/assets/projects.self-877aef30ae1b040ab8a3aba4e3e309a11d7f2612f44dde450b5c157aa5f95c05.js?body=1" for 127.0.0.1 at 2016-10-13 18:09:43 +0300


Started GET "/assets/tasks.self-877aef30ae1b040ab8a3aba4e3e309a11d7f2612f44dde450b5c157aa5f95c05.js?body=1" for 127.0.0.1 at 2016-10-13 18:09:43 +0300


Started GET "/assets/teams.self-877aef30ae1b040ab8a3aba4e3e309a11d7f2612f44dde450b5c157aa5f95c05.js?body=1" for 127.0.0.1 at 2016-10-13 18:09:43 +0300


Started GET "/assets/application.self-3b8dabdc891efe46b9a144b400ad69e37d7e5876bdc39dee783419a69d7ca819.js?body=1" for 127.0.0.1 at 2016-10-13 18:09:43 +0300


Started GET "/posts/new" for 127.0.0.1 at 2016-10-13 18:09:47 +0300
Processing by PostsController#new as HTML
Completed 500 Internal Server Error in 5ms (ActiveRecord: 0.0ms)

NoMethodError (undefined method `posts' for nil:NilClass):
  app/controllers/posts_controller.rb:17:in `new'


  Rendered /home/king/.rvm/gems/ruby-2.3.1/gems/actionpack-4.2.6/lib/action_dispatch/middleware/templates/rescues/_source.erb (25.3ms)
  Rendered /home/king/.rvm/gems/ruby-2.3.1/gems/actionpack-4.2.6/lib/action_dispatch/middleware/templates/rescues/_trace.html.erb (14.6ms)
  Rendered /home/king/.rvm/gems/ruby-2.3.1/gems/actionpack-4.2.6/lib/action_dispatch/middleware/templates/rescues/_request_and_response.html.erb (19.1ms)
  Rendered /home/king/.rvm/gems/ruby-2.3.1/gems/actionpack-4.2.6/lib/action_dispatch/middleware/templates/rescues/diagnostics.html.erb within rescues/layout (83.9ms)
  Rendered /home/king/.rvm/gems/ruby-2.3.1/gems/web-console-2.3.0/lib/web_console/templates/_markup.html.erb (0.7ms)
  Rendered /home/king/.rvm/gems/ruby-2.3.1/gems/web-console-2.3.0/lib/web_console/templates/_inner_console_markup.html.erb within layouts/inlined_string (0.4ms)
  Rendered /home/king/.rvm/gems/ruby-2.3.1/gems/web-console-2.3.0/lib/web_console/templates/_prompt_box_markup.html.erb within layouts/inlined_string (0.5ms)
  Rendered /home/king/.rvm/gems/ruby-2.3.1/gems/web-console-2.3.0/lib/web_console/templates/style.css.erb within layouts/inlined_string (1.0ms)
  Rendered /home/king/.rvm/gems/ruby-2.3.1/gems/web-console-2.3.0/lib/web_console/templates/console.js.erb within layouts/javascript (43.8ms)
  Rendered /home/king/.rvm/gems/ruby-2.3.1/gems/web-console-2.3.0/lib/web_console/templates/main.js.erb within layouts/javascript (0.5ms)
  Rendered /home/king/.rvm/gems/ruby-2.3.1/gems/web-console-2.3.0/lib/web_console/templates/error_page.js.erb within layouts/javascript (1.1ms)
  Rendered /home/king/.rvm/gems/ruby-2.3.1/gems/web-console-2.3.0/lib/web_console/templates/index.html.erb (89.6ms)


Started GET "/users/sign_up" for 127.0.0.1 at 2016-10-13 18:09:56 +0300
Processing by Devise::RegistrationsController#new as HTML
  Rendered /home/king/.rvm/gems/ruby-2.3.1/gems/devise-4.2.0/app/views/devise/shared/_links.html.erb (0.3ms)
  Rendered /home/king/.rvm/gems/ruby-2.3.1/gems/devise-4.2.0/app/views/devise/registrations/new.html.erb within layouts/application (23.6ms)
Completed 200 OK in 98ms (Views: 95.4ms | ActiveRecord: 0.0ms)


Started GET "/users/sign_in" for 127.0.0.1 at 2016-10-13 18:10:02 +0300
Processing by Devise::SessionsController#new as HTML
  Rendered /home/king/.rvm/gems/ruby-2.3.1/gems/devise-4.2.0/app/views/devise/shared/_links.html.erb (5.8ms)
  Rendered /home/king/.rvm/gems/ruby-2.3.1/gems/devise-4.2.0/app/views/devise/sessions/new.html.erb within layouts/application (13.2ms)
Completed 200 OK in 82ms (Views: 75.0ms | ActiveRecord: 0.0ms)


Started POST "/users/sign_in" for 127.0.0.1 at 2016-10-13 18:10:07 +0300
Processing by Devise::SessionsController#create as HTML
  Parameters: {"utf8"=>"✓", "authenticity_token"=>"DokDXLC9S8QWyZG2hJN4sYtBHoIeB3YE/UOaLaCRj/6LbPvNAlWFhzc9zAT7zozttf+b+1Jl3qoxmiIwHEv0Vg==", "user"=>{"email"=>"123@gmail.com", "password"=>"[FILTERED]", "remember_me"=>"0"}, "commit"=>"Log in"}
  [1m[36mUser Load (2.0ms)[0m  [1mSELECT  `users`.* FROM `users` WHERE `users`.`email` = '123@gmail.com'  ORDER BY `users`.`id` ASC LIMIT 1[0m
  [1m[35m (5.7ms)[0m  BEGIN
  [1m[36mSQL (0.7ms)[0m  [1mUPDATE `users` SET `current_sign_in_at` = '2016-10-13 15:10:07', `sign_in_count` = 2, `updated_at` = '2016-10-13 15:10:07' WHERE `users`.`id` = 1[0m
  [1m[35m (7.4ms)[0m  COMMIT
Redirected to http://localhost:3000/
Completed 302 Found in 252ms (ActiveRecord: 15.8ms)


Started GET "/" for 127.0.0.1 at 2016-10-13 18:10:07 +0300
Processing by PostsController#index as HTML
  [1m[36mPost Load (0.3ms)[0m  [1mSELECT `posts`.* FROM `posts`[0m
  Rendered posts/index.html.slim within layouts/application (1.6ms)
  [1m[35mUser Load (0.5ms)[0m  SELECT  `users`.* FROM `users` WHERE `users`.`id` = 1  ORDER BY `users`.`id` ASC LIMIT 1
Completed 200 OK in 90ms (Views: 88.4ms | ActiveRecord: 0.8ms)


Started GET "/" for 127.0.0.1 at 2016-10-13 18:14:00 +0300
Processing by PostsController#index as HTML
  [1m[36mPost Load (0.2ms)[0m  [1mSELECT `posts`.* FROM `posts`[0m
  Rendered posts/index.html.slim within layouts/application (2.0ms)
  [1m[35mUser Load (0.7ms)[0m  SELECT  `users`.* FROM `users` WHERE `users`.`id` = 1  ORDER BY `users`.`id` ASC LIMIT 1
Completed 200 OK in 54ms (Views: 52.8ms | ActiveRecord: 0.9ms)


Started GET "/assets/posts.self-e3b0c44298fc1c149afbf4c8996fb92427ae41e4649b934ca495991b7852b855.css?body=1" for 127.0.0.1 at 2016-10-13 18:14:00 +0300


Started GET "/assets/projects.self-e3b0c44298fc1c149afbf4c8996fb92427ae41e4649b934ca495991b7852b855.css?body=1" for 127.0.0.1 at 2016-10-13 18:14:00 +0300


Started GET "/assets/teams.self-e3b0c44298fc1c149afbf4c8996fb92427ae41e4649b934ca495991b7852b855.css?body=1" for 127.0.0.1 at 2016-10-13 18:14:00 +0300


Started GET "/assets/application.self-e80e8f2318043e8af94dddc2adad5a4f09739a8ebb323b3ab31cd71d45fd9113.css?body=1" for 127.0.0.1 at 2016-10-13 18:14:00 +0300


Started GET "/assets/tasks.self-e3b0c44298fc1c149afbf4c8996fb92427ae41e4649b934ca495991b7852b855.css?body=1" for 127.0.0.1 at 2016-10-13 18:14:00 +0300


Started GET "/assets/scaffolds.self-5a94d3c593e8f702e41d2bd842ba10d3d0fd1f8b54eb2b9562d63ecf1db621d6.css?body=1" for 127.0.0.1 at 2016-10-13 18:14:00 +0300


Started GET "/assets/jquery.self-bd7ddd393353a8d2480a622e80342adf488fb6006d667e8b42e4c0073393abee.js?body=1" for 127.0.0.1 at 2016-10-13 18:14:00 +0300


Started GET "/assets/turbolinks.self-c5acd7a204f5f25ce7a1d8a0e4d92e28d34c9e2df2c7371cd7af88e147e4ad82.js?body=1" for 127.0.0.1 at 2016-10-13 18:14:00 +0300


Started GET "/assets/jquery_ujs.self-784a997f6726036b1993eb2217c9cb558e1cbb801c6da88105588c56f13b466a.js?body=1" for 127.0.0.1 at 2016-10-13 18:14:00 +0300


Started GET "/assets/posts.self-877aef30ae1b040ab8a3aba4e3e309a11d7f2612f44dde450b5c157aa5f95c05.js?body=1" for 127.0.0.1 at 2016-10-13 18:14:00 +0300


Started GET "/assets/teams.self-877aef30ae1b040ab8a3aba4e3e309a11d7f2612f44dde450b5c157aa5f95c05.js?body=1" for 127.0.0.1 at 2016-10-13 18:14:00 +0300


Started GET "/assets/tasks.self-877aef30ae1b040ab8a3aba4e3e309a11d7f2612f44dde450b5c157aa5f95c05.js?body=1" for 127.0.0.1 at 2016-10-13 18:14:00 +0300


Started GET "/assets/projects.self-877aef30ae1b040ab8a3aba4e3e309a11d7f2612f44dde450b5c157aa5f95c05.js?body=1" for 127.0.0.1 at 2016-10-13 18:14:00 +0300


Started GET "/assets/application.self-3b8dabdc891efe46b9a144b400ad69e37d7e5876bdc39dee783419a69d7ca819.js?body=1" for 127.0.0.1 at 2016-10-13 18:14:00 +0300


Started DELETE "/users/sign_out" for 127.0.0.1 at 2016-10-13 18:14:03 +0300
Processing by Devise::SessionsController#destroy as HTML
  Parameters: {"authenticity_token"=>"Qy0TkM0jznJAOXK7oOh1edyq4EZNfJAv1CaAdwBykh1je0IhDeVrheuc95pcPpuqPFzbu8vJ+suBKLaLNy4QJg=="}
  [1m[36mUser Load (0.2ms)[0m  [1mSELECT  `users`.* FROM `users` WHERE `users`.`id` = 1  ORDER BY `users`.`id` ASC LIMIT 1[0m
  [1m[35m (0.3ms)[0m  BEGIN
  [1m[36m (0.3ms)[0m  [1mCOMMIT[0m
Redirected to http://localhost:3000/
Completed 302 Found in 12ms (ActiveRecord: 0.8ms)


Started GET "/" for 127.0.0.1 at 2016-10-13 18:14:03 +0300
Processing by PostsController#index as HTML
  [1m[35mPost Load (0.2ms)[0m  SELECT `posts`.* FROM `posts`
  Rendered posts/index.html.slim within layouts/application (2.0ms)
Completed 200 OK in 51ms (Views: 49.0ms | ActiveRecord: 0.2ms)


Started GET "/posts/1/edit" for 127.0.0.1 at 2016-10-13 18:14:08 +0300
Processing by PostsController#edit as HTML
  Parameters: {"id"=>"1"}
  [1m[36mPost Load (0.7ms)[0m  [1mSELECT  `posts`.* FROM `posts` WHERE `posts`.`id` = 1 LIMIT 1[0m
  Rendered posts/_form.html.slim (5.7ms)
  Rendered posts/edit.html.slim within layouts/application (23.1ms)
Completed 200 OK in 78ms (Views: 74.8ms | ActiveRecord: 0.7ms)


Started GET "/posts" for 127.0.0.1 at 2016-10-13 18:14:09 +0300
Processing by PostsController#index as HTML
  [1m[35mPost Load (0.4ms)[0m  SELECT `posts`.* FROM `posts`
  Rendered posts/index.html.slim within layouts/application (2.1ms)
Completed 200 OK in 65ms (Views: 63.7ms | ActiveRecord: 0.4ms)


Started GET "/users/sign_up" for 127.0.0.1 at 2016-10-13 18:14:10 +0300
Processing by Devise::RegistrationsController#new as HTML
  Rendered /home/king/.rvm/gems/ruby-2.3.1/gems/devise-4.2.0/app/views/devise/shared/_links.html.erb (3.0ms)
  Rendered /home/king/.rvm/gems/ruby-2.3.1/gems/devise-4.2.0/app/views/devise/registrations/new.html.erb within layouts/application (5.5ms)
Completed 200 OK in 50ms (Views: 49.2ms | ActiveRecord: 0.0ms)


Started GET "/users/sign_up" for 127.0.0.1 at 2016-10-13 18:14:36 +0300
Processing by Devise::RegistrationsController#new as HTML
  Rendered /home/king/.rvm/gems/ruby-2.3.1/gems/devise-4.2.0/app/views/devise/shared/_links.html.erb (0.3ms)
  Rendered /home/king/.rvm/gems/ruby-2.3.1/gems/devise-4.2.0/app/views/devise/registrations/new.html.erb within layouts/application (4.9ms)
Completed 200 OK in 70ms (Views: 68.9ms | ActiveRecord: 0.0ms)


Started GET "/users/sign_in" for 127.0.0.1 at 2016-10-13 18:14:37 +0300
Processing by Devise::SessionsController#new as HTML
  Rendered /home/king/.rvm/gems/ruby-2.3.1/gems/devise-4.2.0/app/views/devise/shared/_links.html.erb (0.5ms)
  Rendered /home/king/.rvm/gems/ruby-2.3.1/gems/devise-4.2.0/app/views/devise/sessions/new.html.erb within layouts/application (24.2ms)
Completed 200 OK in 90ms (Views: 88.5ms | ActiveRecord: 0.0ms)


Started GET "/users/sign_in" for 127.0.0.1 at 2016-10-13 18:15:28 +0300
Processing by Devise::SessionsController#new as HTML
  Rendered /home/king/.rvm/gems/ruby-2.3.1/gems/devise-4.2.0/app/views/devise/shared/_links.html.erb (0.3ms)
  Rendered /home/king/.rvm/gems/ruby-2.3.1/gems/devise-4.2.0/app/views/devise/sessions/new.html.erb within layouts/application (3.4ms)
Completed 200 OK in 53ms (Views: 51.4ms | ActiveRecord: 0.0ms)


Started GET "/assets/posts.self-e3b0c44298fc1c149afbf4c8996fb92427ae41e4649b934ca495991b7852b855.css?body=1" for 127.0.0.1 at 2016-10-13 18:15:28 +0300


Started GET "/assets/projects.self-e3b0c44298fc1c149afbf4c8996fb92427ae41e4649b934ca495991b7852b855.css?body=1" for 127.0.0.1 at 2016-10-13 18:15:28 +0300


Started GET "/assets/scaffolds.self-5a94d3c593e8f702e41d2bd842ba10d3d0fd1f8b54eb2b9562d63ecf1db621d6.css?body=1" for 127.0.0.1 at 2016-10-13 18:15:28 +0300


Started GET "/assets/application.self-e80e8f2318043e8af94dddc2adad5a4f09739a8ebb323b3ab31cd71d45fd9113.css?body=1" for 127.0.0.1 at 2016-10-13 18:15:28 +0300


Started GET "/assets/teams.self-e3b0c44298fc1c149afbf4c8996fb92427ae41e4649b934ca495991b7852b855.css?body=1" for 127.0.0.1 at 2016-10-13 18:15:28 +0300


Started GET "/assets/tasks.self-e3b0c44298fc1c149afbf4c8996fb92427ae41e4649b934ca495991b7852b855.css?body=1" for 127.0.0.1 at 2016-10-13 18:15:28 +0300


Started GET "/assets/jquery.self-bd7ddd393353a8d2480a622e80342adf488fb6006d667e8b42e4c0073393abee.js?body=1" for 127.0.0.1 at 2016-10-13 18:15:28 +0300


Started GET "/assets/jquery_ujs.self-784a997f6726036b1993eb2217c9cb558e1cbb801c6da88105588c56f13b466a.js?body=1" for 127.0.0.1 at 2016-10-13 18:15:28 +0300


Started GET "/assets/turbolinks.self-c5acd7a204f5f25ce7a1d8a0e4d92e28d34c9e2df2c7371cd7af88e147e4ad82.js?body=1" for 127.0.0.1 at 2016-10-13 18:15:28 +0300


Started GET "/assets/posts.self-877aef30ae1b040ab8a3aba4e3e309a11d7f2612f44dde450b5c157aa5f95c05.js?body=1" for 127.0.0.1 at 2016-10-13 18:15:28 +0300


Started GET "/assets/projects.self-877aef30ae1b040ab8a3aba4e3e309a11d7f2612f44dde450b5c157aa5f95c05.js?body=1" for 127.0.0.1 at 2016-10-13 18:15:28 +0300


Started GET "/assets/teams.self-877aef30ae1b040ab8a3aba4e3e309a11d7f2612f44dde450b5c157aa5f95c05.js?body=1" for 127.0.0.1 at 2016-10-13 18:15:28 +0300


Started GET "/assets/tasks.self-877aef30ae1b040ab8a3aba4e3e309a11d7f2612f44dde450b5c157aa5f95c05.js?body=1" for 127.0.0.1 at 2016-10-13 18:15:28 +0300


Started GET "/assets/application.self-3b8dabdc891efe46b9a144b400ad69e37d7e5876bdc39dee783419a69d7ca819.js?body=1" for 127.0.0.1 at 2016-10-13 18:15:28 +0300


Started GET "/users/sign_up" for 127.0.0.1 at 2016-10-13 18:15:35 +0300
Processing by Devise::RegistrationsController#new as HTML
  Rendered /home/king/.rvm/gems/ruby-2.3.1/gems/devise-4.2.0/app/views/devise/shared/_links.html.erb (0.3ms)
  Rendered /home/king/.rvm/gems/ruby-2.3.1/gems/devise-4.2.0/app/views/devise/registrations/new.html.erb within layouts/application (2.8ms)
Completed 200 OK in 68ms (Views: 66.6ms | ActiveRecord: 0.0ms)


Started GET "/users/sign_in" for 127.0.0.1 at 2016-10-13 18:15:36 +0300
Processing by Devise::SessionsController#new as HTML
  Rendered /home/king/.rvm/gems/ruby-2.3.1/gems/devise-4.2.0/app/views/devise/shared/_links.html.erb (4.9ms)
  Rendered /home/king/.rvm/gems/ruby-2.3.1/gems/devise-4.2.0/app/views/devise/sessions/new.html.erb within layouts/application (17.9ms)
Completed 200 OK in 81ms (Views: 79.9ms | ActiveRecord: 0.0ms)


Started GET "/users/sign_in" for 127.0.0.1 at 2016-10-13 18:15:45 +0300
Processing by Devise::SessionsController#new as HTML
  Rendered /home/king/.rvm/gems/ruby-2.3.1/gems/devise-4.2.0/app/views/devise/shared/_links.html.erb (1.6ms)
  Rendered /home/king/.rvm/gems/ruby-2.3.1/gems/devise-4.2.0/app/views/devise/sessions/new.html.erb within layouts/application (12.4ms)
Completed 200 OK in 113ms (Views: 100.8ms | ActiveRecord: 0.0ms)


Started POST "/users/sign_in" for 127.0.0.1 at 2016-10-13 18:15:50 +0300
Processing by Devise::SessionsController#create as HTML
  Parameters: {"utf8"=>"✓", "authenticity_token"=>"yMrK1ir6esvGcbwx7Bg92z2fuw+jKFfGe0rwreol2DUeD5K/O+0NXNn/8ysXlOZIW+kExyglGSdsPs5taZmgTw==", "user"=>{"email"=>"123@gmail.com", "password"=>"[FILTERED]", "remember_me"=>"0"}, "commit"=>"Log in"}
  [1m[36mUser Load (0.8ms)[0m  [1mSELECT  `users`.* FROM `users` WHERE `users`.`email` = '123@gmail.com'  ORDER BY `users`.`id` ASC LIMIT 1[0m
  [1m[35m (0.1ms)[0m  BEGIN
  [1m[36mSQL (0.3ms)[0m  [1mUPDATE `users` SET `last_sign_in_at` = '2016-10-13 15:10:07', `current_sign_in_at` = '2016-10-13 15:15:50', `sign_in_count` = 3, `updated_at` = '2016-10-13 15:15:50' WHERE `users`.`id` = 1[0m
  [1m[35m (5.7ms)[0m  COMMIT
Redirected to http://localhost:3000/
Completed 302 Found in 246ms (ActiveRecord: 7.0ms)


Started GET "/" for 127.0.0.1 at 2016-10-13 18:15:50 +0300
Processing by PostsController#index as HTML
  [1m[36mPost Load (0.4ms)[0m  [1mSELECT `posts`.* FROM `posts`[0m
  Rendered posts/index.html.slim within layouts/application (6.7ms)
  [1m[35mUser Load (4.5ms)[0m  SELECT  `users`.* FROM `users` WHERE `users`.`id` = 1  ORDER BY `users`.`id` ASC LIMIT 1
Completed 200 OK in 66ms (Views: 58.9ms | ActiveRecord: 4.9ms)


Started GET "/posts/new" for 127.0.0.1 at 2016-10-13 18:15:52 +0300
Processing by PostsController#new as HTML
  [1m[36mUser Load (0.4ms)[0m  [1mSELECT  `users`.* FROM `users` WHERE `users`.`id` = 1  ORDER BY `users`.`id` ASC LIMIT 1[0m
  Rendered posts/_form.html.slim (2.3ms)
  Rendered posts/new.html.slim within layouts/application (3.5ms)
Completed 200 OK in 56ms (Views: 50.9ms | ActiveRecord: 0.4ms)


Started POST "/posts" for 127.0.0.1 at 2016-10-13 18:15:55 +0300
Processing by PostsController#create as HTML
  Parameters: {"utf8"=>"✓", "authenticity_token"=>"aUCkdOHCxjbpmSYcQXcRbe6d/2bXxF0jrghlIJrKLsK6hnCISBWgy96PrYKVQ0rOrDZeP1/O+eLfcz8YGXV6Hg==", "post"=>{"content"=>"dfgh", "comments"=>"dfg"}, "commit"=>"Create Post"}
  [1m[35mUser Load (0.3ms)[0m  SELECT  `users`.* FROM `users` WHERE `users`.`id` = 1  ORDER BY `users`.`id` ASC LIMIT 1
  [1m[36m (0.4ms)[0m  [1mBEGIN[0m
  [1m[35mSQL (0.2ms)[0m  INSERT INTO `posts` (`content`, `comments`, `user_id`, `created_at`, `updated_at`) VALUES ('dfgh', 'dfg', 1, '2016-10-13 15:15:55', '2016-10-13 15:15:55')
  [1m[36m (14.6ms)[0m  [1mCOMMIT[0m
Redirected to http://localhost:3000/posts/2
Completed 302 Found in 42ms (ActiveRecord: 15.6ms)


Started GET "/posts/2" for 127.0.0.1 at 2016-10-13 18:15:55 +0300
Processing by PostsController#show as HTML
  Parameters: {"id"=>"2"}
  [1m[35mPost Load (2.4ms)[0m  SELECT  `posts`.* FROM `posts` WHERE `posts`.`id` = 2 LIMIT 1
  Rendered posts/show.html.slim within layouts/application (6.6ms)
  [1m[36mUser Load (0.2ms)[0m  [1mSELECT  `users`.* FROM `users` WHERE `users`.`id` = 1  ORDER BY `users`.`id` ASC LIMIT 1[0m
Completed 200 OK in 78ms (Views: 73.3ms | ActiveRecord: 2.6ms)


Started GET "/posts" for 127.0.0.1 at 2016-10-13 18:15:57 +0300
Processing by PostsController#index as HTML
  [1m[35mPost Load (4.4ms)[0m  SELECT `posts`.* FROM `posts`
  Rendered posts/index.html.slim within layouts/application (5.9ms)
  [1m[36mUser Load (0.3ms)[0m  [1mSELECT  `users`.* FROM `users` WHERE `users`.`id` = 1  ORDER BY `users`.`id` ASC LIMIT 1[0m
Completed 200 OK in 133ms (Views: 118.4ms | ActiveRecord: 4.7ms)


Started GET "/posts" for 127.0.0.1 at 2016-10-13 18:19:54 +0300
Processing by PostsController#index as HTML
  [1m[35mPost Load (0.2ms)[0m  SELECT `posts`.* FROM `posts`
  Rendered posts/index.html.slim within layouts/application (1.6ms)
  [1m[36mUser Load (4.9ms)[0m  [1mSELECT  `users`.* FROM `users` WHERE `users`.`id` = 1  ORDER BY `users`.`id` ASC LIMIT 1[0m
Completed 200 OK in 6359ms (Views: 6353.1ms | ActiveRecord: 5.2ms)


Started GET "/posts/1" for 127.0.0.1 at 2016-10-13 18:20:00 +0300
Processing by PostsController#show as HTML
  Parameters: {"id"=>"1"}
  [1m[35mPost Load (1.1ms)[0m  SELECT  `posts`.* FROM `posts` WHERE `posts`.`id` = 1 LIMIT 1
  Rendered posts/show.html.slim within layouts/application (0.5ms)
  [1m[36mUser Load (5.9ms)[0m  [1mSELECT  `users`.* FROM `users` WHERE `users`.`id` = 1  ORDER BY `users`.`id` ASC LIMIT 1[0m
Completed 200 OK in 61ms (Views: 46.7ms | ActiveRecord: 7.0ms)


Started GET "/assets/posts.self-e3b0c44298fc1c149afbf4c8996fb92427ae41e4649b934ca495991b7852b855.css?body=1" for 127.0.0.1 at 2016-10-13 18:20:00 +0300


Started GET "/assets/projects.self-e3b0c44298fc1c149afbf4c8996fb92427ae41e4649b934ca495991b7852b855.css?body=1" for 127.0.0.1 at 2016-10-13 18:20:00 +0300


Started GET "/assets/tasks.self-e3b0c44298fc1c149afbf4c8996fb92427ae41e4649b934ca495991b7852b855.css?body=1" for 127.0.0.1 at 2016-10-13 18:20:00 +0300


Started GET "/assets/application.self-e0294db0045e8d14497132f1c662cfc6bf21f6094a5c215aa18bb60cacf15cba.css?body=1" for 127.0.0.1 at 2016-10-13 18:20:00 +0300


Started GET "/assets/scaffolds.self-5a94d3c593e8f702e41d2bd842ba10d3d0fd1f8b54eb2b9562d63ecf1db621d6.css?body=1" for 127.0.0.1 at 2016-10-13 18:20:00 +0300


Started GET "/assets/jquery.self-bd7ddd393353a8d2480a622e80342adf488fb6006d667e8b42e4c0073393abee.js?body=1" for 127.0.0.1 at 2016-10-13 18:20:00 +0300


Started GET "/assets/jquery_ujs.self-784a997f6726036b1993eb2217c9cb558e1cbb801c6da88105588c56f13b466a.js?body=1" for 127.0.0.1 at 2016-10-13 18:20:00 +0300


Started GET "/assets/turbolinks.self-c5acd7a204f5f25ce7a1d8a0e4d92e28d34c9e2df2c7371cd7af88e147e4ad82.js?body=1" for 127.0.0.1 at 2016-10-13 18:20:00 +0300


Started GET "/assets/teams.self-e3b0c44298fc1c149afbf4c8996fb92427ae41e4649b934ca495991b7852b855.css?body=1" for 127.0.0.1 at 2016-10-13 18:20:00 +0300


Started GET "/assets/posts.self-877aef30ae1b040ab8a3aba4e3e309a11d7f2612f44dde450b5c157aa5f95c05.js?body=1" for 127.0.0.1 at 2016-10-13 18:20:00 +0300


Started GET "/assets/projects.self-877aef30ae1b040ab8a3aba4e3e309a11d7f2612f44dde450b5c157aa5f95c05.js?body=1" for 127.0.0.1 at 2016-10-13 18:20:00 +0300


Started GET "/assets/application.self-3b8dabdc891efe46b9a144b400ad69e37d7e5876bdc39dee783419a69d7ca819.js?body=1" for 127.0.0.1 at 2016-10-13 18:20:00 +0300


Started GET "/assets/tasks.self-877aef30ae1b040ab8a3aba4e3e309a11d7f2612f44dde450b5c157aa5f95c05.js?body=1" for 127.0.0.1 at 2016-10-13 18:20:00 +0300


Started GET "/assets/teams.self-877aef30ae1b040ab8a3aba4e3e309a11d7f2612f44dde450b5c157aa5f95c05.js?body=1" for 127.0.0.1 at 2016-10-13 18:20:00 +0300


Started GET "/posts/new" for 127.0.0.1 at 2016-10-13 18:20:02 +0300
Processing by PostsController#new as HTML
  [1m[35mUser Load (0.2ms)[0m  SELECT  `users`.* FROM `users` WHERE `users`.`id` = 1  ORDER BY `users`.`id` ASC LIMIT 1
  Rendered posts/_form.html.slim (3.0ms)
  Rendered posts/new.html.slim within layouts/application (10.1ms)
Completed 200 OK in 88ms (Views: 85.5ms | ActiveRecord: 0.2ms)


Started GET "/posts" for 127.0.0.1 at 2016-10-13 18:20:05 +0300
Processing by PostsController#index as HTML
  [1m[36mPost Load (1.5ms)[0m  [1mSELECT `posts`.* FROM `posts`[0m
  Rendered posts/index.html.slim within layouts/application (5.5ms)
  [1m[35mUser Load (5.3ms)[0m  SELECT  `users`.* FROM `users` WHERE `users`.`id` = 1  ORDER BY `users`.`id` ASC LIMIT 1
Completed 200 OK in 79ms (Views: 71.0ms | ActiveRecord: 6.8ms)


Started GET "/posts/1" for 127.0.0.1 at 2016-10-13 18:20:09 +0300
Processing by PostsController#show as HTML
  Parameters: {"id"=>"1"}
  [1m[36mPost Load (0.1ms)[0m  [1mSELECT  `posts`.* FROM `posts` WHERE `posts`.`id` = 1 LIMIT 1[0m
  Rendered posts/show.html.slim within layouts/application (0.4ms)
  [1m[35mUser Load (0.1ms)[0m  SELECT  `users`.* FROM `users` WHERE `users`.`id` = 1  ORDER BY `users`.`id` ASC LIMIT 1
Completed 200 OK in 83ms (Views: 81.5ms | ActiveRecord: 0.3ms)


Started GET "/posts" for 127.0.0.1 at 2016-10-13 18:20:10 +0300
Processing by PostsController#index as HTML
  [1m[36mPost Load (0.8ms)[0m  [1mSELECT `posts`.* FROM `posts`[0m
  Rendered posts/index.html.slim within layouts/application (8.8ms)
  [1m[35mUser Load (0.3ms)[0m  SELECT  `users`.* FROM `users` WHERE `users`.`id` = 1  ORDER BY `users`.`id` ASC LIMIT 1
Completed 200 OK in 116ms (Views: 114.5ms | ActiveRecord: 1.1ms)


Started GET "/" for 127.0.0.1 at 2016-10-13 18:20:18 +0300
Processing by PostsController#index as HTML
  [1m[36mPost Load (0.2ms)[0m  [1mSELECT `posts`.* FROM `posts`[0m
  Rendered posts/index.html.slim within layouts/application (1.9ms)
  [1m[35mUser Load (0.3ms)[0m  SELECT  `users`.* FROM `users` WHERE `users`.`id` = 1  ORDER BY `users`.`id` ASC LIMIT 1
Completed 200 OK in 41ms (Views: 39.3ms | ActiveRecord: 0.5ms)
